0 verbose cli /opt/homebrew/Cellar/node/24.2.0/bin/node /opt/homebrew/bin/npm
1 info using npm@11.3.0
2 info using node@v24.2.0
3 silly config load:file:/opt/homebrew/lib/node_modules/npm/npmrc
4 silly config load:file:/Users/faizalshaikh/Desktop/ambika/backend/.npmrc
5 silly config load:file:/Users/faizalshaikh/.npmrc
6 silly config load:file:/opt/homebrew/etc/npmrc
7 verbose title npm run dev
8 verbose argv "run" "dev"
9 verbose logfile logs-max:10 dir:/Users/faizalshaikh/Desktop/ambika/backend/npm-cache/_logs/2025-11-01T12_26_35_260Z-
10 verbose logfile /Users/faizalshaikh/Desktop/ambika/backend/npm-cache/_logs/2025-11-01T12_26_35_260Z-debug-0.log
11 silly logfile done cleaning log files
12 http fetch GET 200 https://registry.npmjs.org/npm 558ms
13 verbose cwd /Users/faizalshaikh/Desktop/ambika/backend
14 verbose os Darwin 24.6.0
15 verbose node v24.2.0
16 verbose npm  v11.3.0
17 notice
17 notice New [33mminor[39m version of npm available! [33m11.3.0[39m -> [34m11.6.2[39m
17 notice Changelog: [34mhttps://github.com/npm/cli/releases/tag/v11.6.2[39m
17 notice To update run: [4mnpm install -g npm@11.6.2[24m
17 notice  { force: true, Symbol(proc-log.meta): true }
18 verbose exit 130
19 verbose code 130
