2025-08-22 01:22:45 [INFO]: Server is running on port 3000
2025-08-22 01:23:11 [INFO]: Server is running on port 3000
2025-08-22 01:23:46 [INFO]: SIGINT received, shutting down gracefully
2025-08-22 01:23:55 [INFO]: Server is running on port 3000
2025-08-22 01:24:12 [INFO]: SIGINT received, shutting down gracefully
2025-08-22 01:25:35 [INFO]: Server is running on port 3000
2025-08-22 01:26:37 [INFO]: Server is running on port 3000
2025-08-22 01:26:40 [INFO]: SIGINT received, shutting down gracefully
2025-08-22 01:28:03 [INFO]: Server is running on port 3000
2025-08-22 01:32:02 [INFO]: Server is running on port 3000
2025-08-22 01:33:00 [INFO]: Server is running on port 3000
2025-08-22 01:39:56 [INFO]: SIGTERM received, shutting down gracefully
2025-08-22 01:40:50 [INFO]: Server is running on port 3000
2025-08-22 01:40:59 [INFO]: Incoming request
2025-08-22 01:40:59 [INFO]: Incoming request
2025-08-22 01:40:59 [INFO]: Incoming request
2025-08-22 01:40:59 [ERROR]: Error [ERR_HTTP_HEADERS_SENT]: Cannot set headers after they are sent to the client
    at ServerResponse.setHeader (node:_http_outgoing:659:11)
    at ServerResponse.header (/Users/faizalshaikh/Desktop/ambika/backend/node_modules/express/lib/response.js:794:10)
    at ServerResponse.<anonymous> (/Users/faizalshaikh/Desktop/ambika/backend/middleware/performance.js:32:9)
    at ServerResponse.emit (node:events:531:35)
    at onFinish (node:_http_outgoing:1031:10)
    at afterWrite (node:internal/streams/writable:708:5)
    at afterWriteTick (node:internal/streams/writable:694:10)
    at process.processTicksAndRejections (node:internal/process/task_queues:81:21)
2025-08-22 01:44:13 [INFO]: Server is running on port 3000
2025-08-22 01:44:40 [INFO]: Server is running on port 3000
2025-08-22 01:44:53 [INFO]: Server is running on port 3000
2025-08-22 01:45:23 [INFO]: Incoming request
2025-08-22 01:45:23 [INFO]: Request completed
2025-08-22 01:45:38 [INFO]: Incoming request
2025-08-22 01:45:38 [INFO]: Request completed
2025-08-22 01:45:48 [INFO]: Incoming request
2025-08-22 01:45:48 [INFO]: Request completed
2025-08-22 01:46:00 [INFO]: Incoming request
2025-08-22 01:46:00 [INFO]: Request completed
2025-08-22 01:46:03 [INFO]: Incoming request
2025-08-22 01:46:03 [INFO]: Request completed
2025-08-22 01:46:14 [INFO]: Incoming request
2025-08-22 01:46:14 [INFO]: Incoming request
2025-08-22 01:46:14 [INFO]: Request completed
2025-08-22 01:46:14 [INFO]: Request completed
2025-08-22 01:46:17 [INFO]: Incoming request
2025-08-22 01:46:17 [INFO]: Request completed
2025-08-22 01:46:17 [INFO]: Incoming request
2025-08-22 01:46:17 [INFO]: Request completed
2025-08-22 01:46:33 [INFO]: Incoming request
2025-08-22 01:46:33 [INFO]: Request completed
2025-08-22 01:46:35 [INFO]: Incoming request
2025-08-22 01:46:36 [INFO]: Request completed
2025-08-22 01:46:47 [INFO]: Incoming request
2025-08-22 01:46:47 [INFO]: Request completed
2025-08-22 01:46:47 [INFO]: Incoming request
2025-08-22 01:46:47 [INFO]: Request completed
2025-08-22 01:46:53 [INFO]: Incoming request
2025-08-22 01:46:53 [INFO]: Incoming request
2025-08-22 01:46:53 [INFO]: Request completed
2025-08-22 01:46:53 [INFO]: Incoming request
2025-08-22 01:46:53 [INFO]: Request completed
2025-08-22 01:46:53 [INFO]: Request completed
2025-08-22 01:47:02 [INFO]: Incoming request
2025-08-22 01:47:02 [INFO]: Incoming request
2025-08-22 01:47:02 [INFO]: Request completed
2025-08-22 01:47:02 [INFO]: Request completed
2025-08-22 01:47:14 [INFO]: Incoming request
2025-08-22 01:47:14 [INFO]: Request completed
2025-08-22 01:47:15 [INFO]: Incoming request
2025-08-22 01:47:15 [INFO]: Request completed
2025-08-22 01:47:32 [INFO]: Incoming request
2025-08-22 01:47:32 [INFO]: Request completed
2025-08-22 01:47:58 [INFO]: Incoming request
2025-08-22 01:47:58 [INFO]: Request completed
2025-08-22 01:48:17 [INFO]: Incoming request
2025-08-22 01:48:17 [INFO]: Request completed
2025-08-22 01:48:32 [INFO]: Incoming request
2025-08-22 01:48:32 [INFO]: Request completed
2025-08-22 01:48:45 [INFO]: Server is running on port 3000
2025-08-22 01:48:50 [INFO]: Incoming request
2025-08-22 01:48:50 [INFO]: Incoming request
2025-08-22 01:48:50 [INFO]: Request completed
2025-08-22 01:48:50 [INFO]: Request completed
2025-08-22 01:48:50 [INFO]: Incoming request
2025-08-22 01:48:50 [INFO]: Request completed
2025-08-22 01:48:52 [INFO]: Incoming request
2025-08-22 01:48:52 [INFO]: Incoming request
2025-08-22 01:48:52 [INFO]: Request completed
2025-08-22 01:48:52 [INFO]: Request completed
2025-08-22 01:48:54 [INFO]: Incoming request
2025-08-22 01:48:54 [INFO]: Request completed
2025-08-22 01:48:54 [INFO]: Incoming request
2025-08-22 01:48:54 [INFO]: Request completed
2025-08-22 01:48:56 [INFO]: Incoming request
2025-08-22 01:48:56 [INFO]: Request completed
2025-08-22 01:48:56 [INFO]: Incoming request
2025-08-22 01:48:56 [INFO]: Request completed
2025-08-22 01:49:43 [INFO]: SIGINT received, shutting down gracefully
2025-08-22 01:49:52 [INFO]: Server is running on port 3000
2025-08-22 01:49:59 [INFO]: Incoming request
2025-08-22 01:49:59 [INFO]: Request completed
2025-08-22 01:53:34 [INFO]: Server is running on port 3000
2025-08-22 02:04:17 [INFO]: Server is running on port 3000
2025-08-22 02:04:18 [INFO]: Incoming request
2025-08-22 02:04:18 [INFO]: Incoming request
2025-08-22 02:04:18 [INFO]: Request completed
2025-08-22 02:04:18 [INFO]: Request completed
2025-08-22 02:04:19 [INFO]: Incoming request
2025-08-22 02:04:19 [INFO]: Request completed
2025-08-22 02:04:22 [INFO]: Incoming request
2025-08-22 02:04:22 [INFO]: Request completed
2025-08-22 02:09:43 [INFO]: Incoming request
2025-08-22 02:09:43 [INFO]: Request completed
2025-08-22 02:09:43 [INFO]: Incoming request
2025-08-22 02:09:43 [INFO]: Request completed
2025-08-22 02:09:49 [INFO]: Incoming request
2025-08-22 02:09:49 [INFO]: Incoming request
2025-08-22 02:09:49 [INFO]: Request completed
2025-08-22 02:09:49 [INFO]: Request completed
2025-08-22 02:09:50 [INFO]: Incoming request
2025-08-22 02:09:50 [INFO]: Request completed
2025-08-22 02:10:00 [INFO]: Incoming request
2025-08-22 02:10:00 [INFO]: Incoming request
2025-08-22 02:10:00 [INFO]: Request completed
2025-08-22 02:10:00 [INFO]: Request completed
2025-08-22 02:10:01 [INFO]: Incoming request
2025-08-22 02:10:01 [INFO]: Incoming request
2025-08-22 02:10:01 [INFO]: Request completed
2025-08-22 02:10:01 [INFO]: Request completed
2025-08-22 02:10:02 [INFO]: Incoming request
2025-08-22 02:10:02 [INFO]: Incoming request
2025-08-22 02:10:02 [INFO]: Request completed
2025-08-22 02:10:02 [INFO]: Request completed
2025-08-22 02:10:04 [INFO]: Incoming request
2025-08-22 02:10:04 [INFO]: Request completed
2025-08-22 02:10:05 [INFO]: Incoming request
2025-08-22 02:10:05 [INFO]: Incoming request
2025-08-22 02:10:05 [INFO]: Request completed
2025-08-22 02:10:05 [INFO]: Request completed
2025-08-22 02:10:52 [INFO]: Incoming request
2025-08-22 02:10:52 [INFO]: Request completed
2025-08-22 02:10:54 [INFO]: Incoming request
2025-08-22 02:10:54 [INFO]: Request completed
2025-08-22 02:11:43 [INFO]: Server is running on port 3000
2025-08-22 02:12:29 [INFO]: Server is running on port 3000
2025-08-22 02:12:31 [INFO]: Incoming request
2025-08-22 02:12:31 [INFO]: Incoming request
2025-08-22 02:12:31 [INFO]: Request completed
2025-08-22 02:12:31 [INFO]: Request completed
2025-08-22 02:12:32 [INFO]: Incoming request
2025-08-22 02:12:32 [INFO]: Incoming request
2025-08-22 02:12:32 [INFO]: Request completed
2025-08-22 02:12:32 [INFO]: Request completed
2025-08-22 02:12:32 [INFO]: Incoming request
2025-08-22 02:12:32 [INFO]: Request completed
2025-08-22 02:12:47 [INFO]: Incoming request
2025-08-22 02:12:47 [INFO]: Incoming request
2025-08-22 02:12:47 [INFO]: Request completed
2025-08-22 02:12:47 [INFO]: Request completed
2025-08-22 02:14:33 [INFO]: Incoming request
2025-08-22 02:14:33 [INFO]: Incoming request
2025-08-22 02:14:33 [INFO]: Request completed
2025-08-22 02:14:33 [INFO]: Request completed
2025-08-22 02:14:33 [INFO]: Incoming request
2025-08-22 02:14:33 [INFO]: Request completed
2025-08-22 02:14:36 [INFO]: Incoming request
2025-08-22 02:14:36 [INFO]: Incoming request
2025-08-22 02:14:36 [INFO]: Request completed
2025-08-22 02:14:36 [INFO]: Request completed
2025-08-22 02:15:10 [INFO]: Incoming request
2025-08-22 02:15:10 [INFO]: Request completed
2025-08-22 02:15:23 [INFO]: Incoming request
2025-08-22 02:15:23 [INFO]: Request completed
2025-08-22 02:15:37 [INFO]: Incoming request
2025-08-22 02:15:37 [INFO]: Request completed
2025-08-22 02:15:50 [INFO]: Incoming request
2025-08-22 02:15:50 [INFO]: Incoming request
2025-08-22 02:15:50 [INFO]: Request completed
2025-08-22 02:15:50 [INFO]: Request completed
2025-08-22 02:16:35 [INFO]: Incoming request
2025-08-22 02:16:35 [INFO]: Incoming request
2025-08-22 02:16:35 [INFO]: Request completed
2025-08-22 02:16:35 [INFO]: Request completed
2025-08-22 02:16:35 [INFO]: Incoming request
2025-08-22 02:16:35 [INFO]: Request completed
2025-08-22 02:16:35 [INFO]: Incoming request
2025-08-22 02:16:35 [INFO]: Incoming request
2025-08-22 02:16:35 [INFO]: Request completed
2025-08-22 02:16:35 [INFO]: Request completed
2025-08-22 02:16:36 [INFO]: Incoming request
2025-08-22 02:16:36 [INFO]: Request completed
2025-08-22 02:16:37 [INFO]: Incoming request
2025-08-22 02:16:37 [INFO]: Incoming request
2025-08-22 02:16:37 [INFO]: Request completed
2025-08-22 02:16:37 [INFO]: Request completed
2025-08-22 02:17:00 [INFO]: Incoming request
2025-08-22 02:17:00 [INFO]: Incoming request
2025-08-22 02:17:01 [INFO]: Request completed
2025-08-22 02:17:01 [INFO]: Request completed
2025-08-22 02:19:43 [INFO]: Incoming request
2025-08-22 02:19:43 [INFO]: Incoming request
2025-08-22 02:19:43 [INFO]: Incoming request
2025-08-22 02:19:43 [INFO]: Request completed
2025-08-22 02:19:43 [INFO]: Request completed
2025-08-22 02:19:43 [INFO]: Request completed
2025-08-22 02:20:04 [INFO]: Incoming request
2025-08-22 02:20:05 [INFO]: Request completed
2025-08-22 02:20:16 [INFO]: Incoming request
2025-08-22 02:20:16 [INFO]: Request completed
2025-08-22 02:20:16 [INFO]: Incoming request
2025-08-22 02:20:16 [INFO]: Request completed
2025-08-22 02:21:20 [INFO]: Incoming request
2025-08-22 02:21:20 [INFO]: Incoming request
2025-08-22 02:21:20 [INFO]: Request completed
2025-08-22 02:21:20 [INFO]: Request completed
2025-08-22 02:21:20 [INFO]: Incoming request
2025-08-22 02:21:20 [INFO]: Request completed
2025-08-22 02:21:23 [INFO]: Incoming request
2025-08-22 02:21:23 [INFO]: Incoming request
2025-08-22 02:21:23 [INFO]: Request completed
2025-08-22 02:21:23 [INFO]: Request completed
2025-08-22 02:21:33 [INFO]: Incoming request
2025-08-22 02:21:33 [INFO]: Incoming request
2025-08-22 02:21:33 [INFO]: Request completed
2025-08-22 02:21:33 [INFO]: Request completed
2025-08-22 02:22:00 [INFO]: Incoming request
2025-08-22 02:22:00 [INFO]: Incoming request
2025-08-22 02:22:00 [INFO]: Request completed
2025-08-22 02:22:00 [INFO]: Request completed
2025-08-22 02:22:22 [INFO]: Incoming request
2025-08-22 02:22:22 [INFO]: Request completed
2025-08-22 02:22:22 [INFO]: Incoming request
2025-08-22 02:22:22 [INFO]: Request completed
2025-08-22 02:22:25 [INFO]: Incoming request
2025-08-22 02:22:25 [INFO]: Request completed
2025-08-22 02:22:27 [INFO]: Incoming request
2025-08-22 02:22:27 [INFO]: Request completed
2025-08-22 02:22:27 [INFO]: Incoming request
2025-08-22 02:22:27 [INFO]: Request completed
2025-08-22 02:23:13 [INFO]: Incoming request
2025-08-22 02:23:13 [INFO]: Incoming request
2025-08-22 02:23:13 [INFO]: Request completed
2025-08-22 02:23:13 [INFO]: Request completed
2025-08-22 02:23:13 [INFO]: Incoming request
2025-08-22 02:23:13 [INFO]: Request completed
2025-08-22 02:23:16 [INFO]: Incoming request
2025-08-22 02:23:16 [INFO]: Incoming request
2025-08-22 02:23:16 [INFO]: Request completed
2025-08-22 02:23:16 [INFO]: Request completed
2025-08-22 02:23:17 [INFO]: Incoming request
2025-08-22 02:23:17 [INFO]: Request completed
2025-08-22 02:23:17 [INFO]: Incoming request
2025-08-22 02:23:17 [INFO]: Request completed
2025-08-22 02:23:35 [INFO]: Incoming request
2025-08-22 02:23:35 [INFO]: Request completed
2025-08-22 02:23:35 [INFO]: Incoming request
2025-08-22 02:23:35 [INFO]: Request completed
2025-08-22 02:23:35 [INFO]: Incoming request
2025-08-22 02:23:35 [INFO]: Request completed
2025-08-22 02:23:35 [INFO]: Incoming request
2025-08-22 02:23:35 [INFO]: Request completed
2025-08-22 02:23:37 [INFO]: Incoming request
2025-08-22 02:23:37 [INFO]: Incoming request
2025-08-22 02:23:37 [INFO]: Request completed
2025-08-22 02:23:37 [INFO]: Request completed
2025-08-22 02:23:58 [INFO]: Incoming request
2025-08-22 02:23:58 [INFO]: Request completed
2025-08-22 02:23:58 [INFO]: Incoming request
2025-08-22 02:23:58 [INFO]: Request completed
2025-08-22 02:25:09 [INFO]: Incoming request
2025-08-22 02:25:09 [INFO]: Request completed
2025-08-22 02:25:09 [INFO]: Incoming request
2025-08-22 02:25:09 [INFO]: Request completed
2025-08-22 02:25:22 [INFO]: Incoming request
2025-08-22 02:25:22 [INFO]: Incoming request
2025-08-22 02:25:22 [INFO]: Request completed
2025-08-22 02:25:22 [INFO]: Request completed
2025-08-22 02:25:22 [INFO]: Incoming request
2025-08-22 02:25:22 [INFO]: Request completed
2025-08-22 02:25:22 [INFO]: Incoming request
2025-08-22 02:25:22 [INFO]: Request completed
2025-08-22 02:25:55 [INFO]: Incoming request
2025-08-22 02:25:55 [INFO]: Request completed
2025-08-22 02:25:55 [INFO]: Incoming request
2025-08-22 02:25:55 [INFO]: Request completed
2025-08-22 02:31:06 [INFO]: Server is running on port 3000
2025-08-22 02:31:18 [INFO]: Server is running on port 3000
2025-08-22 02:31:45 [INFO]: Server is running on port 3000
2025-08-22 02:32:12 [INFO]: Incoming request
2025-08-22 02:32:12 [INFO]: Request completed
2025-08-22 02:32:21 [INFO]: Incoming request
2025-08-22 02:32:21 [INFO]: Request completed
2025-08-22 02:33:17 [INFO]: Server is running on port 3000
2025-08-22 02:33:49 [INFO]: Incoming request
2025-08-22 02:33:49 [INFO]: Incoming request
2025-08-22 02:33:49 [INFO]: Request completed
2025-08-22 02:33:49 [INFO]: Request completed
2025-08-22 02:34:10 [INFO]: Incoming request
2025-08-22 02:34:10 [INFO]: Request completed
2025-08-22 02:34:10 [INFO]: Incoming request
2025-08-22 02:34:10 [INFO]: Request completed
2025-08-22 02:34:37 [INFO]: Server is running on port 3000
2025-08-22 02:35:14 [INFO]: Incoming request
2025-08-22 02:35:14 [INFO]: Incoming request
2025-08-22 02:35:14 [INFO]: Request completed
2025-08-22 02:35:14 [INFO]: Request completed
2025-08-22 02:35:56 [INFO]: SIGTERM received, shutting down gracefully
2025-08-22 02:36:38 [INFO]: Server is running on port 3000
2025-08-22 02:36:48 [INFO]: Server is running on port 3000
2025-08-22 02:37:04 [INFO]: Server is running on port 3000
2025-08-22 02:37:31 [INFO]: Server is running on port 3000
2025-08-22 02:38:15 [INFO]: Server is running on port 3000
2025-08-22 02:38:20 [INFO]: Server is running on port 3000
2025-08-22 02:38:25 [INFO]: Incoming request
2025-08-22 02:38:25 [INFO]: Incoming request
2025-08-22 02:38:25 [INFO]: Request completed
2025-08-22 02:38:25 [INFO]: Request completed
2025-08-22 02:38:25 [INFO]: Incoming request
2025-08-22 02:38:25 [INFO]: Request completed
2025-08-22 02:38:38 [INFO]: Incoming request
2025-08-22 02:38:38 [INFO]: Request completed
2025-08-22 02:38:38 [INFO]: Incoming request
2025-08-22 02:38:38 [INFO]: Request completed
2025-08-22 02:39:07 [INFO]: Incoming request
2025-08-22 02:39:07 [INFO]: Request completed
2025-08-22 02:39:07 [INFO]: Incoming request
2025-08-22 02:39:07 [INFO]: Request completed
2025-08-22 02:39:31 [INFO]: Incoming request
2025-08-22 02:39:31 [INFO]: Request completed
2025-08-22 02:39:31 [INFO]: Incoming request
2025-08-22 02:39:31 [INFO]: Request completed
2025-08-22 02:41:50 [INFO]: SIGINT received, shutting down gracefully
2025-08-22 02:43:50 [INFO]: Server is running on port 3000
2025-08-22 02:44:17 [INFO]: SIGINT received, shutting down gracefully
2025-08-22 02:44:31 [INFO]: Server is running on port 3000
2025-08-22 02:45:09 [INFO]: Server is running on port 3000
2025-08-22 02:45:36 [INFO]: Incoming request
2025-08-22 02:45:36 [INFO]: Incoming request
2025-08-22 02:45:36 [INFO]: Request completed
2025-08-22 02:45:36 [INFO]: Request completed
2025-08-22 02:45:37 [INFO]: Incoming request
2025-08-22 02:45:37 [INFO]: Request completed
2025-08-22 02:45:48 [INFO]: Incoming request
2025-08-22 02:45:48 [INFO]: Request completed
2025-08-22 02:46:04 [INFO]: Incoming request
2025-08-22 02:46:04 [INFO]: Request completed
2025-08-22 02:46:58 [INFO]: Server is running on port 3000
2025-08-22 02:47:26 [INFO]: Incoming request
2025-08-22 02:47:26 [INFO]: Incoming request
2025-08-22 02:47:26 [INFO]: Request completed
2025-08-22 02:47:26 [INFO]: Request completed
2025-08-22 02:47:47 [INFO]: Incoming request
2025-08-22 02:47:47 [INFO]: Request completed
2025-08-22 02:47:47 [INFO]: Incoming request
2025-08-22 02:47:47 [INFO]: Request completed
2025-08-22 02:48:01 [INFO]: Incoming request
2025-08-22 02:48:01 [INFO]: Request completed
2025-08-22 02:48:02 [INFO]: Incoming request
2025-08-22 02:48:02 [INFO]: Incoming request
2025-08-22 02:48:02 [INFO]: Incoming request
2025-08-22 02:48:02 [INFO]: Incoming request
2025-08-22 02:48:02 [INFO]: Request completed
2025-08-22 02:48:02 [INFO]: Request completed
2025-08-22 02:48:02 [INFO]: Incoming request
2025-08-22 02:48:02 [INFO]: Request completed
2025-08-22 02:48:02 [INFO]: Incoming request
2025-08-22 02:48:02 [INFO]: Request completed
2025-08-22 02:48:26 [INFO]: Server is running on port 3000
2025-08-22 02:48:43 [INFO]: Incoming request
2025-08-22 02:48:43 [INFO]: Request completed
2025-08-22 02:49:19 [INFO]: Server is running on port 3000
2025-08-22 02:49:37 [INFO]: SIGINT received, shutting down gracefully
2025-08-22 02:49:56 [INFO]: Server is running on port 3000
2025-08-22 02:52:51 [INFO]: Server is running on port 3000
2025-08-22 02:52:54 [INFO]: Incoming request
2025-08-22 02:52:54 [INFO]: Incoming request
2025-08-22 02:52:54 [INFO]: Request completed
2025-08-22 02:52:54 [INFO]: Request completed
2025-08-22 02:53:19 [INFO]: Incoming request
2025-08-22 02:53:19 [INFO]: Request completed
2025-08-22 02:53:19 [INFO]: Incoming request
2025-08-22 02:53:19 [INFO]: Request completed
2025-08-22 02:53:31 [INFO]: Incoming request
2025-08-22 02:53:31 [INFO]: Request completed
2025-08-22 02:53:31 [INFO]: Incoming request
2025-08-22 02:53:31 [INFO]: Request completed
2025-08-22 02:55:19 [INFO]: Server is running on port 3000
2025-08-22 02:55:29 [INFO]: Incoming request
2025-08-22 02:55:29 [INFO]: Request completed
2025-08-22 02:55:43 [INFO]: Incoming request
2025-08-22 02:55:43 [INFO]: Request completed
2025-08-22 02:55:52 [INFO]: Incoming request
2025-08-22 02:55:52 [INFO]: Request completed
2025-08-22 02:56:14 [INFO]: Incoming request
2025-08-22 02:56:14 [INFO]: Incoming request
2025-08-22 02:56:14 [INFO]: Request completed
2025-08-22 02:56:14 [INFO]: Request completed
2025-08-22 02:57:28 [INFO]: Incoming request
2025-08-22 02:57:28 [INFO]: Request completed
2025-08-22 02:57:49 [INFO]: Server is running on port 3000
2025-08-22 02:58:02 [INFO]: Server is running on port 3000
2025-08-22 02:58:05 [INFO]: Server is running on port 3000
2025-08-22 02:58:46 [INFO]: Server is running on port 3000
2025-08-22 02:58:52 [INFO]: Incoming request
2025-08-22 02:58:52 [INFO]: Request completed
2025-08-22 02:58:52 [INFO]: Incoming request
2025-08-22 02:58:52 [INFO]: Request completed
2025-08-22 02:59:01 [INFO]: Incoming request
2025-08-22 02:59:01 [INFO]: Request completed
2025-08-22 02:59:01 [INFO]: Incoming request
2025-08-22 02:59:01 [INFO]: Request completed
2025-08-22 02:59:15 [INFO]: Incoming request
2025-08-22 02:59:15 [INFO]: Incoming request
2025-08-22 02:59:15 [INFO]: Request completed
2025-08-22 02:59:15 [INFO]: Request completed
2025-08-22 02:59:16 [INFO]: Incoming request
2025-08-22 02:59:16 [INFO]: Incoming request
2025-08-22 02:59:16 [INFO]: Request completed
2025-08-22 02:59:16 [INFO]: Request completed
2025-08-22 02:59:16 [INFO]: Incoming request
2025-08-22 02:59:16 [INFO]: Request completed
2025-08-22 02:59:22 [INFO]: Incoming request
2025-08-22 02:59:22 [INFO]: Request completed
2025-08-22 02:59:32 [INFO]: Incoming request
2025-08-22 02:59:32 [INFO]: Request completed
2025-08-22 02:59:32 [INFO]: Incoming request
2025-08-22 02:59:32 [INFO]: Request completed
2025-08-22 02:59:38 [INFO]: Incoming request
2025-08-22 02:59:38 [INFO]: Incoming request
2025-08-22 02:59:38 [INFO]: Request completed
2025-08-22 02:59:38 [INFO]: Request completed
2025-08-22 02:59:39 [INFO]: Incoming request
2025-08-22 02:59:39 [INFO]: Request completed
2025-08-22 02:59:39 [INFO]: Incoming request
2025-08-22 02:59:39 [INFO]: Request completed
2025-08-22 02:59:43 [INFO]: Incoming request
2025-08-22 02:59:43 [INFO]: Incoming request
2025-08-22 02:59:43 [INFO]: Request completed
2025-08-22 02:59:43 [INFO]: Request completed
2025-08-22 02:59:43 [INFO]: Incoming request
2025-08-22 02:59:43 [INFO]: Request completed
2025-08-22 02:59:43 [INFO]: Incoming request
2025-08-22 02:59:43 [INFO]: Request completed
